[28776:39580:0612/165914.975:WARNING:chrome_main_delegate.cc(745)] This is Chrome version 128.0.6613.138 (not a warning)
[28776:3328:0612/165915.046:ERROR:google_update_settings.cc(265)] Failed opening key Software\Chromium to set usagestats; result: 5
[28776:39580:0612/165915.060:WARNING:account_consistency_mode_manager.cc(77)] Desktop Identity Consistency cannot be enabled as no OAuth client ID and client secret have been configured.
[28776:39396:0612/165919.306:ERROR:cert_verify_proc_builtin.cc(1063)] CertVerifyProcBuiltin for wpad failed:
----- Certificate i=0 (CN=self-signedKey,O=Sagemcom Ca,C=FR) -----
ERROR: No matching issuer found


[28776:27968:0612/165919.307:ERROR:cert_verify_proc_builtin.cc(1063)] CertVerifyProcBuiltin for wpad failed:
----- Certificate i=0 (CN=self-signedKey,O=Sagemcom Ca,C=FR) -----
ERROR: No matching issuer found


[36472:17048:0612/165919.308:ERROR:ssl_client_socket_impl.cc(882)] handshake failed; returned -1, SSL error code 1, net_error -202
[36472:17048:0612/165919.308:WARNING:pac_file_fetcher_impl.cc(267)] SSL certificate error when fetching PAC script, aborting.
[36472:17048:0612/165919.308:ERROR:ssl_client_socket_impl.cc(882)] handshake failed; returned -1, SSL error code 1, net_error -202
[36472:17048:0612/165919.308:WARNING:pac_file_fetcher_impl.cc(267)] SSL certificate error when fetching PAC script, aborting.
[28776:39396:0612/165919.424:ERROR:cert_verify_proc_builtin.cc(1063)] CertVerifyProcBuiltin for wpad failed:
----- Certificate i=0 (CN=self-signedKey,O=Sagemcom Ca,C=FR) -----
ERROR: No matching issuer found


[36472:17048:0612/165919.456:ERROR:ssl_client_socket_impl.cc(882)] handshake failed; returned -1, SSL error code 1, net_error -202
[36472:17048:0612/165919.456:WARNING:pac_file_fetcher_impl.cc(267)] SSL certificate error when fetching PAC script, aborting.
[12840:30076:0612/165920.227:WARNING:frame_impl.cc(430)] virtual CefFrameImpl::SendProcessMessage sent to detached frame 5-0D02B2BEAC3977D136EED2FA6611CE3F will be ignored
[28776:39580:0612/165920.329:ERROR:device_event_log_impl.cc(196)] [16:59:20.265] USB: usb_service_win.cc:105 SetupDiGetDeviceProperty({{A45C254E-DF1C-4EFD-8020-67D146A850E0}, 6}) failed: Element not found. (0x490)
[36472:17048:0612/165922.429:ERROR:ssl_client_socket_impl.cc(882)] handshake failed; returned -1, SSL error code 1, net_error -100
[36472:17048:0612/165922.738:ERROR:ssl_client_socket_impl.cc(882)] handshake failed; returned -1, SSL error code 1, net_error -100
[36472:17048:0612/165927.423:ERROR:ssl_client_socket_impl.cc(882)] handshake failed; returned -1, SSL error code 1, net_error -202
[36472:17048:0612/165927.423:WARNING:pac_file_fetcher_impl.cc(267)] SSL certificate error when fetching PAC script, aborting.
[36472:17048:0612/165927.455:ERROR:ssl_client_socket_impl.cc(882)] handshake failed; returned -1, SSL error code 1, net_error -202
[36472:17048:0612/165927.455:WARNING:pac_file_fetcher_impl.cc(267)] SSL certificate error when fetching PAC script, aborting.
[36472:17048:0612/165927.592:ERROR:ssl_client_socket_impl.cc(882)] handshake failed; returned -1, SSL error code 1, net_error -202
[36472:17048:0612/165927.592:WARNING:pac_file_fetcher_impl.cc(267)] SSL certificate error when fetching PAC script, aborting.
[36472:17048:0612/165937.618:ERROR:ssl_client_socket_impl.cc(882)] handshake failed; returned -1, SSL error code 1, net_error -100
[36472:17048:0612/165951.628:ERROR:ssl_client_socket_impl.cc(882)] handshake failed; returned -1, SSL error code 1, net_error -100
[36472:17048:0612/170020.414:ERROR:ssl_client_socket_impl.cc(882)] handshake failed; returned -1, SSL error code 1, net_error -202
[36472:17048:0612/170020.414:WARNING:pac_file_fetcher_impl.cc(267)] SSL certificate error when fetching PAC script, aborting.
[28776:39580:0612/170116.653:WARNING:pref_notifier_impl.cc(41)] Pref observer for media_router.cast_allow_all_ips found at shutdown.
